<?xml version="1.0" encoding="UTF-8"?>
<!-- Generated by org.testng.reporters.JUnitReportReporter -->
<testsuite hostname="Bhargav" failures="0" tests="1" name="testCases.LoginTest" time="9.328" errors="0" timestamp="2024-02-19T10:44:18 IST" skipped="0">
  <testcase classname="testCases.LoginTest" name="Login" time="9.328"/>
</testsuite> <!-- testCases.LoginTest -->
