<?xml version="1.0" encoding="UTF-8"?>
<!-- Generated by org.testng.reporters.JUnitReportReporter -->
<testsuite hostname="Bhargav" failures="0" tests="1" name="pojoClassesRestAssured.SpecBuilderTest" time="2.352" errors="0" timestamp="2023-12-06T20:47:52 IST" skipped="0">
  <testcase classname="pojoClassesRestAssured.SpecBuilderTest" name="AddPlace" time="2.352"/>
</testsuite> <!-- pojoClassesRestAssured.SpecBuilderTest -->
