<?xml version="1.0" encoding="UTF-8"?>
<!-- Generated by org.testng.reporters.JUnitReportReporter -->
<testsuite hostname="Bhargav" failures="0" tests="4" name="ecomE2E.EcomE2E" time="3.882" errors="0" timestamp="2023-12-12T13:32:05 IST" skipped="0">
  <testcase classname="ecomE2E.EcomE2E" name="Login" time="2.382"/>
  <testcase classname="ecomE2E.EcomE2E" name="CreateProduct" time="0.905"/>
  <testcase classname="ecomE2E.EcomE2E" name="createOrder" time="0.413"/>
  <testcase classname="ecomE2E.EcomE2E" name="DeleteProduct" time="0.182"/>
</testsuite> <!-- ecomE2E.EcomE2E -->
