<?xml version="1.0" encoding="UTF-8"?>
<!-- Generated by org.testng.reporters.JUnitReportReporter -->
<testsuite hostname="Bhargav" failures="0" tests="4" name="practiseRestAssured_LibraryAPI.LibraryCollectionEnhancements" time="1.750" errors="0" timestamp="2023-11-27T20:12:48 IST" skipped="0">
  <testcase classname="practiseRestAssured_LibraryAPI.LibraryCollectionEnhancements" name="AddBook" time="1.458"/>
  <testcase classname="practiseRestAssured_LibraryAPI.LibraryCollectionEnhancements" name="getBook" time="0.121"/>
  <testcase classname="practiseRestAssured_LibraryAPI.LibraryCollectionEnhancements" name="getBookById" time="0.086"/>
  <testcase classname="practiseRestAssured_LibraryAPI.LibraryCollectionEnhancements" name="deleteBook" time="0.085"/>
</testsuite> <!-- practiseRestAssured_LibraryAPI.LibraryCollectionEnhancements -->
