<?xml version="1.0" encoding="UTF-8"?>
<!-- Generated by org.testng.reporters.JUnitReportReporter -->
<testsuite hostname="Bhargav" failures="0" tests="3" name="ecomE2E.EcomE2E" time="4.537" errors="0" timestamp="2023-12-12T08:40:56 IST" skipped="0">
  <testcase classname="ecomE2E.EcomE2E" name="Login" time="3.421"/>
  <testcase classname="ecomE2E.EcomE2E" name="CreateOrder" time="0.957"/>
  <testcase classname="ecomE2E.EcomE2E" name="DeleteProduct" time="0.159"/>
</testsuite> <!-- ecomE2E.EcomE2E -->
