<?xml version="1.0" encoding="UTF-8"?>
<!-- Generated by org.testng.reporters.JUnitReportReporter -->
<testsuite hostname="Bhargav" failures="0" tests="1" name="pojoClassesRestAssured.SpecBuilderTest" time="2.527" errors="0" timestamp="2023-12-07T22:39:14 IST" skipped="0">
  <testcase classname="pojoClassesRestAssured.SpecBuilderTest" name="AddPlace" time="2.527"/>
</testsuite> <!-- pojoClassesRestAssured.SpecBuilderTest -->
