<?xml version="1.0" encoding="UTF-8"?>
<!-- Generated by org.testng.reporters.JUnitReportReporter -->
<testsuite hostname="Bhargav" failures="0" tests="1" name="day1.LaunchBrowser" time="0.557" errors="0" timestamp="2023-12-01T12:50:21 IST" skipped="0">
  <testcase classname="day1.LaunchBrowser" name="Login" time="0.557"/>
</testsuite> <!-- day1.LaunchBrowser -->
