<?xml version="1.0" encoding="UTF-8"?>
<!-- Generated by org.testng.reporters.JUnitReportReporter -->
<testsuite hostname="Bhargav" failures="0" tests="2" name="day1.Login" time="5.621" errors="0" timestamp="2024-01-09T11:46:58 IST" skipped="0">
  <testcase classname="day1.Login" name="SetUp" time="4.957"/>
  <testcase classname="day1.Login" name="Login" time="0.664"/>
</testsuite> <!-- day1.Login -->
