<?xml version="1.0" encoding="UTF-8"?>
<!-- Generated by org.testng.reporters.JUnitReportReporter -->
<testsuite hostname="Bhargav" failures="0" tests="1" name="day1.LaunchBrowser" time="1.068" errors="0" timestamp="2024-02-16T10:51:53 IST" skipped="0">
  <testcase classname="day1.LaunchBrowser" name="Login" time="1.068"/>
</testsuite> <!-- day1.LaunchBrowser -->
