<?xml version="1.0" encoding="UTF-8"?>
<!-- Generated by org.testng.reporters.JUnitReportReporter -->
<testsuite hostname="Bhargav" failures="0" tests="3" name="day1.MuseLogin" time="9.291" errors="0" timestamp="2024-02-12T12:23:19 IST" skipped="0">
  <testcase classname="day1.MuseLogin" name="SetUp" time="3.324"/>
  <testcase classname="day1.MuseLogin" name="Login" time="0.454"/>
  <testcase classname="day1.MuseLogin" name="tearDown" time="5.513"/>
</testsuite> <!-- day1.MuseLogin -->
