<?xml version="1.0" encoding="UTF-8"?>
<!-- Generated by org.testng.reporters.JUnitReportReporter -->
<testsuite hostname="Bhargav" failures="0" tests="3" name="day1.MuseLogin" time="10.769" errors="0" timestamp="2024-01-09T11:54:51 IST" skipped="0">
  <testcase classname="day1.MuseLogin" name="SetUp" time="4.672"/>
  <testcase classname="day1.MuseLogin" name="Login" time="0.691"/>
  <testcase classname="day1.MuseLogin" name="tearDown" time="5.406"/>
</testsuite> <!-- day1.MuseLogin -->
