<?xml version="1.0" encoding="UTF-8"?>
<!-- Generated by org.testng.reporters.JUnitReportReporter -->
<testsuite hostname="Bhargav" failures="0" tests="1" name="pojoClassesRestAssured.SerializationDemo" time="2.268" errors="0" timestamp="2023-12-06T00:49:15 IST" skipped="0">
  <testcase classname="pojoClassesRestAssured.SerializationDemo" name="AddPlace" time="2.268"/>
</testsuite> <!-- pojoClassesRestAssured.SerializationDemo -->
