<?xml version="1.0" encoding="UTF-8"?>
<!-- Generated by org.testng.reporters.JUnitReportReporter -->
<testsuite hostname="Bhargav" failures="0" tests="1" name="cucumberTestRunner.TestRunner" time="0.076" errors="0" timestamp="2023-12-17T23:50:39 IST" skipped="0">
  <testcase classname="cucumberTestRunner.TestRunner" name="runScenario" time="0.076"/>
</testsuite> <!-- cucumberTestRunner.TestRunner -->
