<?xml version="1.0" encoding="UTF-8"?>
<!-- Generated by org.testng.reporters.JUnitReportReporter -->
<testsuite hostname="Bhargav" failures="0" tests="4" name="practiseRestAssured_LibraryAPI.LibraryCollection" time="1.356" errors="0" timestamp="2023-11-27T20:10:08 IST" skipped="0">
  <testcase classname="practiseRestAssured_LibraryAPI.LibraryCollection" name="deleteBook" time="0.110"/>
  <testcase classname="practiseRestAssured_LibraryAPI.LibraryCollection" name="getBookById" time="0.078"/>
  <testcase classname="practiseRestAssured_LibraryAPI.LibraryCollection" name="getBook" time="0.109"/>
  <testcase classname="practiseRestAssured_LibraryAPI.LibraryCollection" name="AddBook" time="1.059"/>
</testsuite> <!-- practiseRestAssured_LibraryAPI.LibraryCollection -->
