<?xml version="1.0" encoding="UTF-8"?>
<!-- Generated by org.testng.reporters.JUnitReportReporter -->
<testsuite hostname="Bhargav" failures="0" tests="2" name="cucumberTestRunner.TestRunnerTestNg" time="0.087" errors="0" timestamp="2023-12-18T00:06:49 IST" skipped="0">
  <testcase classname="cucumberTestRunner.TestRunnerTestNg" name="runScenario" time="0.005"/>
  <testcase classname="cucumberTestRunner.TestRunnerTestNg" name="runScenario" time="0.082"/>
</testsuite> <!-- cucumberTestRunner.TestRunnerTestNg -->
